2026-03-11 15:26:02 [http-nio-8081-exec-32] INFO  com.coforge.LoggingServlet - Form Submitted at 2026-03-11
2026-03-11 15:26:02 [http-nio-8081-exec-32] INFO  com.coforge.LoggingServlet - User Name: sadf
2026-03-11 15:26:02 [http-nio-8081-exec-32] INFO  com.coforge.LoggingServlet - Client IP: 0:0:0:0:0:0:0:1
2026-03-11 15:26:02 [http-nio-8081-exec-32] INFO  com.coforge.LoggingServlet - User Agent: Mozilla/5.0 (Windows NT 10.0; Win64; x64) AppleWebKit/537.36 (KHTML, like Gecko) Chrome/145.0.0.0 Safari/537.36 Edg/145.0.0.0
2026-03-11 15:26:02 [http-nio-8081-exec-32] INFO  com.coforge.LoggingServlet - Request Method: GET
2026-03-11 15:27:16 [Catalina-utility-1] INFO  com.coforge.LoggingFilter - Logging filter starting time: 2026-03-11
2026-03-11 15:27:29 [Catalina-utility-1] INFO  com.coforge.LoggingFilter - Logging filter starting time: 2026-03-11
2026-03-11 15:27:42 [Catalina-utility-2] INFO  com.coforge.LoggingFilter - Logging filter ending time: 2026-03-11
2026-03-11 15:27:43 [Catalina-utility-2] INFO  com.coforge.LoggingFilter - Logging filter starting time: 2026-03-11
2026-03-11 15:29:41 [http-nio-8081-exec-23] INFO  com.coforge.LoggingServlet - Form Submitted at 2026-03-11
2026-03-11 15:29:41 [http-nio-8081-exec-23] INFO  com.coforge.LoggingServlet - User Name: sadf
2026-03-11 15:29:41 [http-nio-8081-exec-23] INFO  com.coforge.LoggingServlet - Client IP: 0:0:0:0:0:0:0:1
2026-03-11 15:29:41 [http-nio-8081-exec-23] INFO  com.coforge.LoggingServlet - User Agent: Mozilla/5.0 (Windows NT 10.0; Win64; x64) AppleWebKit/537.36 (KHTML, like Gecko) Chrome/145.0.0.0 Safari/537.36 Edg/145.0.0.0
2026-03-11 15:29:41 [http-nio-8081-exec-23] INFO  com.coforge.LoggingServlet - Request Method: GET
2026-03-11 16:26:30 [http-nio-8081-exec-39] INFO  com.coforge.LoggingServlet - Form Submitted at 2026-03-11
2026-03-11 16:26:30 [http-nio-8081-exec-39] INFO  com.coforge.LoggingServlet - User Name: sadf
2026-03-11 16:26:30 [http-nio-8081-exec-39] INFO  com.coforge.LoggingServlet - Client IP: 0:0:0:0:0:0:0:1
2026-03-11 16:26:30 [http-nio-8081-exec-39] INFO  com.coforge.LoggingServlet - User Agent: Mozilla/5.0 (Windows NT 10.0; Win64; x64) AppleWebKit/537.36 (KHTML, like Gecko) Chrome/145.0.0.0 Safari/537.36 Edg/145.0.0.0
2026-03-11 16:26:30 [http-nio-8081-exec-39] INFO  com.coforge.LoggingServlet - Request Method: GET
2026-03-11 16:30:53 [Catalina-utility-2] INFO  com.coforge.LoggingFilter - Logging filter exit time: 2026-03-11
2026-03-11 16:30:55 [Catalina-utility-2] INFO  com.coforge.LoggingFilter - Logging filter starting time: 2026-03-11
2026-03-11 16:31:05 [http-nio-8081-exec-39] INFO  com.coforge.LoggingFilter - Incoming request -> Method: GET, URI: /Day13LoggingManagementApplication/LoggingWithFilter, IP: 0:0:0:0:0:0:0:1
2026-03-11 16:31:05 [http-nio-8081-exec-39] INFO  com.coforge.LoggingWithFilter - doGet called at 2026-03-11
2026-03-11 16:31:05 [http-nio-8081-exec-39] INFO  com.coforge.LoggingFilter - Response sent -> URI: /Day13LoggingManagementApplication/LoggingWithFilter, Time Taken: 0 ms
2026-03-12 09:43:53 [main] INFO  com.coforge.LoggingFilter - Logging filter starting time: 2026-03-12
2026-03-12 09:43:55 [main] INFO  com.coforge.LoggingFilter - Logging filter exit time: 2026-03-12
2026-03-12 09:48:16 [main] INFO  com.coforge.LoggingFilter - Logging filter starting time: 2026-03-12
2026-03-12 09:51:02 [main] INFO  com.coforge.LoggingFilter - Logging filter exit time: 2026-03-12
2026-03-12 09:51:09 [main] INFO  com.coforge.LoggingFilter - Logging filter starting time: 2026-03-12
2026-03-12 09:56:45 [main] INFO  com.coforge.LoggingFilter - Logging filter exit time: 2026-03-12
2026-03-12 23:04:30 [main] INFO  com.coforge.LoggingFilter - Logging filter starting time: 2026-03-12
2026-03-12 23:16:20 [main] INFO  com.coforge.LoggingFilter - Logging filter exit time: 2026-03-12
2026-03-12 23:16:27 [main] INFO  com.coforge.LoggingFilter - Logging filter starting time: 2026-03-12
2026-03-13 09:14:58 [main] INFO  com.coforge.LoggingFilter - Logging filter starting time: 2026-03-13
2026-03-13 16:14:32 [main] INFO  com.coforge.LoggingFilter - Logging filter starting time: 2026-03-13
