2026-03-12 23:05:45 [http-nio-8081-exec-10] INFO  com.coforge.LoggingFilter - Incoming request -> Method: GET, URI: /Day14BankingApplication/ViewAccountsServlet, IP: 0:0:0:0:0:0:0:1
2026-03-12 23:05:45 [http-nio-8081-exec-10] INFO  com.coforge.LoggingFilter - Response sent -> URI: /Day14BankingApplication/ViewAccountsServlet, Time Taken: 186 ms
2026-03-12 23:05:57 [http-nio-8081-exec-1] INFO  com.coforge.LoggingFilter - Incoming request -> Method: GET, URI: /Day14BankingApplication/EditAccountServlet, IP: 0:0:0:0:0:0:0:1
2026-03-12 23:05:57 [http-nio-8081-exec-1] INFO  com.coforge.LoggingFilter - Response sent -> URI: /Day14BankingApplication/EditAccountServlet, Time Taken: 46 ms
2026-03-12 23:09:13 [http-nio-8081-exec-5] INFO  com.coforge.LoggingFilter - Incoming request -> Method: GET, URI: /Day14BankingApplication/DepositServlet, IP: 0:0:0:0:0:0:0:1
2026-03-12 23:09:13 [http-nio-8081-exec-5] INFO  com.coforge.LoggingFilter - Response sent -> URI: /Day14BankingApplication/DepositServlet, Time Taken: 0 ms
2026-03-12 23:09:18 [http-nio-8081-exec-16] INFO  com.coforge.LoggingFilter - Incoming request -> Method: POST, URI: /Day14BankingApplication/DepositServlet, IP: 0:0:0:0:0:0:0:1
2026-03-12 23:09:19 [http-nio-8081-exec-16] INFO  com.coforge.dao.AccountDAO - Deposit of Rs. 500.0 completed
2026-03-12 23:09:19 [http-nio-8081-exec-16] INFO  com.coforge.LoggingFilter - Response sent -> URI: /Day14BankingApplication/DepositServlet, Time Taken: 250 ms
2026-03-12 23:09:19 [http-nio-8081-exec-2] INFO  com.coforge.LoggingFilter - Incoming request -> Method: GET, URI: /Day14BankingApplication/ViewAccountServlet, IP: 0:0:0:0:0:0:0:1
2026-03-12 23:09:19 [http-nio-8081-exec-2] INFO  com.coforge.LoggingFilter - Response sent -> URI: /Day14BankingApplication/ViewAccountServlet, Time Taken: 0 ms
2026-03-12 23:09:26 [http-nio-8081-exec-14] INFO  com.coforge.LoggingFilter - Incoming request -> Method: GET, URI: /Day14BankingApplication/ViewAccountsServlet, IP: 0:0:0:0:0:0:0:1
2026-03-12 23:09:26 [http-nio-8081-exec-14] INFO  com.coforge.LoggingFilter - Response sent -> URI: /Day14BankingApplication/ViewAccountsServlet, Time Taken: 12 ms
2026-03-12 23:16:28 [http-nio-8081-exec-2] INFO  com.coforge.LoggingFilter - Incoming request -> Method: GET, URI: /Day14BankingApplication/, IP: 0:0:0:0:0:0:0:1
2026-03-12 23:16:28 [http-nio-8081-exec-2] INFO  com.coforge.LoggingFilter - Response sent -> URI: /Day14BankingApplication/, Time Taken: 217 ms
2026-03-12 23:16:30 [http-nio-8081-exec-3] INFO  com.coforge.LoggingFilter - Incoming request -> Method: GET, URI: /Day14BankingApplication/ViewAccountsServlet, IP: 0:0:0:0:0:0:0:1
2026-03-12 23:16:31 [http-nio-8081-exec-3] INFO  com.coforge.LoggingFilter - Response sent -> URI: /Day14BankingApplication/ViewAccountsServlet, Time Taken: 221 ms
2026-03-12 23:16:34 [http-nio-8081-exec-4] INFO  com.coforge.LoggingFilter - Incoming request -> Method: GET, URI: /Day14BankingApplication/EditAccountServlet, IP: 0:0:0:0:0:0:0:1
2026-03-12 23:16:34 [http-nio-8081-exec-4] INFO  com.coforge.LoggingFilter - Response sent -> URI: /Day14BankingApplication/EditAccountServlet, Time Taken: 49 ms
2026-03-12 23:16:39 [http-nio-8081-exec-5] INFO  com.coforge.LoggingFilter - Incoming request -> Method: GET, URI: /Day14BankingApplication/AddAccountServlet, IP: 0:0:0:0:0:0:0:1
2026-03-12 23:16:39 [http-nio-8081-exec-5] INFO  com.coforge.LoggingFilter - Response sent -> URI: /Day14BankingApplication/AddAccountServlet, Time Taken: 0 ms
2026-03-12 23:16:43 [http-nio-8081-exec-6] INFO  com.coforge.LoggingFilter - Incoming request -> Method: GET, URI: /Day14BankingApplication/AddAccountServlet, IP: 0:0:0:0:0:0:0:1
2026-03-12 23:16:43 [http-nio-8081-exec-6] INFO  com.coforge.LoggingFilter - Response sent -> URI: /Day14BankingApplication/AddAccountServlet, Time Taken: 0 ms
2026-03-12 23:16:53 [http-nio-8081-exec-9] INFO  com.coforge.LoggingFilter - Incoming request -> Method: POST, URI: /Day14BankingApplication/AddAccountServlet, IP: 0:0:0:0:0:0:0:1
2026-03-12 23:16:53 [http-nio-8081-exec-9] INFO  com.coforge.LoggingFilter - Response sent -> URI: /Day14BankingApplication/AddAccountServlet, Time Taken: 23 ms
2026-03-12 23:16:53 [http-nio-8081-exec-10] INFO  com.coforge.LoggingFilter - Incoming request -> Method: GET, URI: /Day14BankingApplication/ViewAccountsServlet, IP: 0:0:0:0:0:0:0:1
2026-03-12 23:16:53 [http-nio-8081-exec-10] INFO  com.coforge.LoggingFilter - Response sent -> URI: /Day14BankingApplication/ViewAccountsServlet, Time Taken: 3 ms
2026-03-12 23:16:58 [http-nio-8081-exec-1] INFO  com.coforge.LoggingFilter - Incoming request -> Method: GET, URI: /Day14BankingApplication/EditAccountServlet, IP: 0:0:0:0:0:0:0:1
2026-03-12 23:16:58 [http-nio-8081-exec-1] INFO  com.coforge.LoggingFilter - Response sent -> URI: /Day14BankingApplication/EditAccountServlet, Time Taken: 3 ms
2026-03-12 23:17:02 [http-nio-8081-exec-2] INFO  com.coforge.LoggingFilter - Incoming request -> Method: POST, URI: /Day14BankingApplication/EditAccountServlet, IP: 0:0:0:0:0:0:0:1
2026-03-12 23:17:02 [http-nio-8081-exec-2] INFO  com.coforge.LoggingFilter - Response sent -> URI: /Day14BankingApplication/EditAccountServlet, Time Taken: 0 ms
2026-03-12 23:17:02 [http-nio-8081-exec-3] INFO  com.coforge.LoggingFilter - Incoming request -> Method: GET, URI: /Day14BankingApplication/ViewAccountsServlet, IP: 0:0:0:0:0:0:0:1
2026-03-12 23:17:02 [http-nio-8081-exec-3] INFO  com.coforge.LoggingFilter - Response sent -> URI: /Day14BankingApplication/ViewAccountsServlet, Time Taken: 2 ms
2026-03-12 23:17:06 [http-nio-8081-exec-4] INFO  com.coforge.LoggingFilter - Incoming request -> Method: GET, URI: /Day14BankingApplication/ViewAccountServlet, IP: 0:0:0:0:0:0:0:1
2026-03-12 23:17:06 [http-nio-8081-exec-4] INFO  com.coforge.LoggingFilter - Response sent -> URI: /Day14BankingApplication/ViewAccountServlet, Time Taken: 2 ms
2026-03-12 23:17:08 [http-nio-8081-exec-5] INFO  com.coforge.LoggingFilter - Incoming request -> Method: GET, URI: /Day14BankingApplication/ViewAccountsServlet, IP: 0:0:0:0:0:0:0:1
2026-03-12 23:17:08 [http-nio-8081-exec-5] INFO  com.coforge.LoggingFilter - Response sent -> URI: /Day14BankingApplication/ViewAccountsServlet, Time Taken: 4 ms
2026-03-12 23:17:10 [http-nio-8081-exec-6] INFO  com.coforge.LoggingFilter - Incoming request -> Method: GET, URI: /Day14BankingApplication/DepositServlet, IP: 0:0:0:0:0:0:0:1
2026-03-12 23:17:10 [http-nio-8081-exec-6] INFO  com.coforge.LoggingFilter - Response sent -> URI: /Day14BankingApplication/DepositServlet, Time Taken: 0 ms
2026-03-12 23:17:14 [http-nio-8081-exec-8] INFO  com.coforge.LoggingFilter - Incoming request -> Method: POST, URI: /Day14BankingApplication/DepositServlet, IP: 0:0:0:0:0:0:0:1
2026-03-12 23:17:14 [http-nio-8081-exec-8] INFO  com.coforge.dao.AccountDAO - Deposit of Rs. 12222.0 completed
2026-03-12 23:17:14 [http-nio-8081-exec-8] INFO  com.coforge.LoggingFilter - Response sent -> URI: /Day14BankingApplication/DepositServlet, Time Taken: 13 ms
2026-03-12 23:17:14 [http-nio-8081-exec-9] INFO  com.coforge.LoggingFilter - Incoming request -> Method: GET, URI: /Day14BankingApplication/ViewAccountServlet, IP: 0:0:0:0:0:0:0:1
2026-03-12 23:17:14 [http-nio-8081-exec-9] INFO  com.coforge.LoggingFilter - Response sent -> URI: /Day14BankingApplication/ViewAccountServlet, Time Taken: 6 ms
2026-03-12 23:17:16 [http-nio-8081-exec-10] INFO  com.coforge.LoggingFilter - Incoming request -> Method: GET, URI: /Day14BankingApplication/ViewAccountsServlet, IP: 0:0:0:0:0:0:0:1
2026-03-12 23:17:16 [http-nio-8081-exec-10] INFO  com.coforge.LoggingFilter - Response sent -> URI: /Day14BankingApplication/ViewAccountsServlet, Time Taken: 0 ms
2026-03-12 23:17:18 [http-nio-8081-exec-1] INFO  com.coforge.LoggingFilter - Incoming request -> Method: GET, URI: /Day14BankingApplication/WithdrawServlet, IP: 0:0:0:0:0:0:0:1
2026-03-12 23:17:18 [http-nio-8081-exec-1] INFO  com.coforge.LoggingFilter - Response sent -> URI: /Day14BankingApplication/WithdrawServlet, Time Taken: 0 ms
2026-03-12 23:17:22 [http-nio-8081-exec-2] INFO  com.coforge.LoggingFilter - Incoming request -> Method: POST, URI: /Day14BankingApplication/WithdrawServlet, IP: 0:0:0:0:0:0:0:1
2026-03-12 23:17:22 [http-nio-8081-exec-2] INFO  com.coforge.dao.AccountDAO - Withdraw of Rs. 122.0 completed
2026-03-12 23:17:22 [http-nio-8081-exec-2] INFO  com.coforge.LoggingFilter - Response sent -> URI: /Day14BankingApplication/WithdrawServlet, Time Taken: 11 ms
2026-03-12 23:17:22 [http-nio-8081-exec-3] INFO  com.coforge.LoggingFilter - Incoming request -> Method: GET, URI: /Day14BankingApplication/ViewAccountServlet, IP: 0:0:0:0:0:0:0:1
2026-03-12 23:17:22 [http-nio-8081-exec-3] INFO  com.coforge.LoggingFilter - Response sent -> URI: /Day14BankingApplication/ViewAccountServlet, Time Taken: 5 ms
2026-03-12 23:17:23 [http-nio-8081-exec-4] INFO  com.coforge.LoggingFilter - Incoming request -> Method: GET, URI: /Day14BankingApplication/ViewAccountsServlet, IP: 0:0:0:0:0:0:0:1
2026-03-12 23:17:23 [http-nio-8081-exec-4] INFO  com.coforge.LoggingFilter - Response sent -> URI: /Day14BankingApplication/ViewAccountsServlet, Time Taken: 3 ms
2026-03-12 23:17:25 [http-nio-8081-exec-5] INFO  com.coforge.LoggingFilter - Incoming request -> Method: GET, URI: /Day14BankingApplication/DeleteAccountServlet, IP: 0:0:0:0:0:0:0:1
2026-03-12 23:17:25 [http-nio-8081-exec-5] INFO  com.coforge.LoggingFilter - Response sent -> URI: /Day14BankingApplication/DeleteAccountServlet, Time Taken: 24 ms
2026-03-12 23:17:25 [http-nio-8081-exec-6] INFO  com.coforge.LoggingFilter - Incoming request -> Method: GET, URI: /Day14BankingApplication/ViewAccountsServlet, IP: 0:0:0:0:0:0:0:1
2026-03-12 23:17:25 [http-nio-8081-exec-6] INFO  com.coforge.LoggingFilter - Response sent -> URI: /Day14BankingApplication/ViewAccountsServlet, Time Taken: 0 ms
2026-03-13 09:15:01 [http-nio-8081-exec-6] INFO  com.coforge.LoggingFilter - Incoming request -> Method: GET, URI: /Day14BankingApplication/, IP: 127.0.0.1
2026-03-13 09:15:01 [http-nio-8081-exec-6] INFO  com.coforge.LoggingFilter - Response sent -> URI: /Day14BankingApplication/, Time Taken: 335 ms
2026-03-13 09:15:03 [http-nio-8081-exec-1] INFO  com.coforge.LoggingFilter - Incoming request -> Method: GET, URI: /Day14BankingApplication/ViewAccountsServlet, IP: 127.0.0.1
2026-03-13 09:15:03 [http-nio-8081-exec-1] INFO  com.coforge.LoggingFilter - Response sent -> URI: /Day14BankingApplication/ViewAccountsServlet, Time Taken: 223 ms
2026-03-13 09:15:06 [http-nio-8081-exec-3] INFO  com.coforge.LoggingFilter - Incoming request -> Method: GET, URI: /Day14BankingApplication/ViewAccountsServlet, IP: 127.0.0.1
2026-03-13 09:15:06 [http-nio-8081-exec-3] INFO  com.coforge.LoggingFilter - Response sent -> URI: /Day14BankingApplication/ViewAccountsServlet, Time Taken: 2 ms
2026-03-13 09:15:08 [http-nio-8081-exec-4] INFO  com.coforge.LoggingFilter - Incoming request -> Method: GET, URI: /Day14BankingApplication/EditAccountServlet, IP: 127.0.0.1
2026-03-13 09:15:08 [http-nio-8081-exec-4] INFO  com.coforge.LoggingFilter - Response sent -> URI: /Day14BankingApplication/EditAccountServlet, Time Taken: 51 ms
2026-03-13 09:15:27 [http-nio-8081-exec-3] INFO  com.coforge.LoggingFilter - Incoming request -> Method: GET, URI: /Day14BankingApplication/WithdrawServlet, IP: 127.0.0.1
2026-03-13 09:15:27 [http-nio-8081-exec-3] INFO  com.coforge.LoggingFilter - Response sent -> URI: /Day14BankingApplication/WithdrawServlet, Time Taken: 19 ms
2026-03-13 09:15:45 [http-nio-8081-exec-4] INFO  com.coforge.LoggingFilter - Incoming request -> Method: GET, URI: /Day14BankingApplication/DepositServlet, IP: 127.0.0.1
2026-03-13 09:15:45 [http-nio-8081-exec-4] INFO  com.coforge.LoggingFilter - Response sent -> URI: /Day14BankingApplication/DepositServlet, Time Taken: 2 ms
2026-03-13 09:15:48 [http-nio-8081-exec-7] INFO  com.coforge.LoggingFilter - Incoming request -> Method: GET, URI: /Day14BankingApplication/ViewAccountServlet, IP: 127.0.0.1
2026-03-13 09:15:48 [http-nio-8081-exec-7] INFO  com.coforge.LoggingFilter - Response sent -> URI: /Day14BankingApplication/ViewAccountServlet, Time Taken: 4 ms
2026-03-13 09:15:52 [http-nio-8081-exec-10] INFO  com.coforge.LoggingFilter - Incoming request -> Method: GET, URI: /Day14BankingApplication/EditAccountServlet, IP: 127.0.0.1
2026-03-13 09:15:52 [http-nio-8081-exec-10] INFO  com.coforge.LoggingFilter - Response sent -> URI: /Day14BankingApplication/EditAccountServlet, Time Taken: 22 ms
2026-03-13 16:14:33 [http-nio-8081-exec-9] INFO  com.coforge.LoggingFilter - Incoming request -> Method: GET, URI: /Day14BankingApplication/, IP: 127.0.0.1
2026-03-13 16:14:33 [http-nio-8081-exec-9] INFO  com.coforge.LoggingFilter - Response sent -> URI: /Day14BankingApplication/, Time Taken: 309 ms
